{"C:\\Users\\Wei Yi\\node\\form-filler\\generateAccount.js": {"path":"C:\\Users\\Wei Yi\\node\\form-filler\\generateAccount.js","statementMap":{"0":{"start":{"line":1,"column":11},"end":{"line":1,"column":24}},"1":{"start":{"line":2,"column":13},"end":{"line":2,"column":28}},"2":{"start":{"line":3,"column":14},"end":{"line":3,"column":30}},"3":{"start":{"line":4,"column":43},"end":{"line":4,"column":80}},"4":{"start":{"line":5,"column":51},"end":{"line":5,"column":92}},"5":{"start":{"line":6,"column":84},"end":{"line":6,"column":125}},"6":{"start":{"line":13,"column":14},"end":{"line":13,"column":16}},"7":{"start":{"line":14,"column":18},"end":{"line":14,"column":20}},"8":{"start":{"line":15,"column":17},"end":{"line":15,"column":19}},"9":{"start":{"line":16,"column":22},"end":{"line":16,"column":40}},"10":{"start":{"line":17,"column":16},"end":{"line":17,"column":34}},"11":{"start":{"line":19,"column":2},"end":{"line":76,"column":3}},"12":{"start":{"line":21,"column":4},"end":{"line":21,"column":42}},"13":{"start":{"line":22,"column":4},"end":{"line":22,"column":46}},"14":{"start":{"line":23,"column":4},"end":{"line":23,"column":57}},"15":{"start":{"line":25,"column":29},"end":{"line":25,"column":68}},"16":{"start":{"line":26,"column":4},"end":{"line":26,"column":47}},"17":{"start":{"line":27,"column":4},"end":{"line":30,"column":5}},"18":{"start":{"line":28,"column":6},"end":{"line":28,"column":66}},"19":{"start":{"line":29,"column":6},"end":{"line":29,"column":13}},"20":{"start":{"line":32,"column":4},"end":{"line":32,"column":10}},"21":{"start":{"line":34,"column":4},"end":{"line":34,"column":46}},"22":{"start":{"line":35,"column":4},"end":{"line":35,"column":50}},"23":{"start":{"line":37,"column":4},"end":{"line":37,"column":61}},"24":{"start":{"line":38,"column":33},"end":{"line":38,"column":76}},"25":{"start":{"line":39,"column":4},"end":{"line":39,"column":59}},"26":{"start":{"line":40,"column":4},"end":{"line":43,"column":5}},"27":{"start":{"line":41,"column":6},"end":{"line":41,"column":74}},"28":{"start":{"line":42,"column":6},"end":{"line":42,"column":13}},"29":{"start":{"line":45,"column":4},"end":{"line":45,"column":10}},"30":{"start":{"line":47,"column":4},"end":{"line":47,"column":46}},"31":{"start":{"line":48,"column":4},"end":{"line":48,"column":50}},"32":{"start":{"line":50,"column":4},"end":{"line":50,"column":61}},"33":{"start":{"line":51,"column":32},"end":{"line":51,"column":86}},"34":{"start":{"line":52,"column":4},"end":{"line":52,"column":56}},"35":{"start":{"line":53,"column":4},"end":{"line":56,"column":5}},"36":{"start":{"line":54,"column":6},"end":{"line":54,"column":73}},"37":{"start":{"line":55,"column":6},"end":{"line":55,"column":13}},"38":{"start":{"line":58,"column":37},"end":{"line":58,"column":85}},"39":{"start":{"line":59,"column":4},"end":{"line":59,"column":71}},"40":{"start":{"line":60,"column":4},"end":{"line":63,"column":5}},"41":{"start":{"line":61,"column":6},"end":{"line":61,"column":70}},"42":{"start":{"line":62,"column":6},"end":{"line":62,"column":13}},"43":{"start":{"line":65,"column":31},"end":{"line":65,"column":72}},"44":{"start":{"line":66,"column":4},"end":{"line":66,"column":53}},"45":{"start":{"line":67,"column":4},"end":{"line":70,"column":5}},"46":{"start":{"line":68,"column":6},"end":{"line":68,"column":71}},"47":{"start":{"line":69,"column":6},"end":{"line":69,"column":13}},"48":{"start":{"line":71,"column":4},"end":{"line":71,"column":10}},"49":{"start":{"line":74,"column":4},"end":{"line":74,"column":53}},"50":{"start":{"line":75,"column":4},"end":{"line":75,"column":20}},"51":{"start":{"line":78,"column":19},"end":{"line":78,"column":21}},"52":{"start":{"line":79,"column":2},"end":{"line":88,"column":3}},"53":{"start":{"line":79,"column":15},"end":{"line":79,"column":16}},"54":{"start":{"line":80,"column":20},"end":{"line":80,"column":166}},"55":{"start":{"line":81,"column":4},"end":{"line":81,"column":27}},"56":{"start":{"line":82,"column":4},"end":{"line":87,"column":5}},"57":{"start":{"line":83,"column":23},"end":{"line":83,"column":56}},"58":{"start":{"line":84,"column":6},"end":{"line":84,"column":60}},"59":{"start":{"line":86,"column":6},"end":{"line":86,"column":50}},"60":{"start":{"line":90,"column":19},"end":{"line":90,"column":61}},"61":{"start":{"line":93,"column":25},"end":{"line":93,"column":27}},"62":{"start":{"line":94,"column":2},"end":{"line":97,"column":3}},"63":{"start":{"line":95,"column":24},"end":{"line":95,"column":58}},"64":{"start":{"line":96,"column":4},"end":{"line":96,"column":47}},"65":{"start":{"line":100,"column":26},"end":{"line":100,"column":59}},"66":{"start":{"line":103,"column":2},"end":{"line":103,"column":71}},"67":{"start":{"line":104,"column":2},"end":{"line":104,"column":70}},"68":{"start":{"line":108,"column":0},"end":{"line":118,"column":1}},"69":{"start":{"line":109,"column":22},"end":{"line":109,"column":37}},"70":{"start":{"line":110,"column":22},"end":{"line":110,"column":37}},"71":{"start":{"line":111,"column":2},"end":{"line":114,"column":3}},"72":{"start":{"line":112,"column":4},"end":{"line":112,"column":132}},"73":{"start":{"line":113,"column":4},"end":{"line":113,"column":20}},"74":{"start":{"line":115,"column":2},"end":{"line":115,"column":53}},"75":{"start":{"line":117,"column":2},"end":{"line":117,"column":40}}},"fnMap":{"0":{"name":"generateAccounts","decl":{"start":{"line":9,"column":15},"end":{"line":9,"column":31}},"loc":{"start":{"line":9,"column":51},"end":{"line":105,"column":1}},"line":9}},"branchMap":{"0":{"loc":{"start":{"line":19,"column":2},"end":{"line":76,"column":3}},"type":"switch","locations":[{"start":{"line":20,"column":2},"end":{"line":32,"column":10}},{"start":{"line":33,"column":2},"end":{"line":45,"column":10}},{"start":{"line":46,"column":2},"end":{"line":71,"column":10}},{"start":{"line":73,"column":2},"end":{"line":75,"column":20}}],"line":19},"1":{"loc":{"start":{"line":27,"column":4},"end":{"line":30,"column":5}},"type":"if","locations":[{"start":{"line":27,"column":4},"end":{"line":30,"column":5}},{"start":{},"end":{}}],"line":27},"2":{"loc":{"start":{"line":40,"column":4},"end":{"line":43,"column":5}},"type":"if","locations":[{"start":{"line":40,"column":4},"end":{"line":43,"column":5}},{"start":{},"end":{}}],"line":40},"3":{"loc":{"start":{"line":53,"column":4},"end":{"line":56,"column":5}},"type":"if","locations":[{"start":{"line":53,"column":4},"end":{"line":56,"column":5}},{"start":{},"end":{}}],"line":53},"4":{"loc":{"start":{"line":60,"column":4},"end":{"line":63,"column":5}},"type":"if","locations":[{"start":{"line":60,"column":4},"end":{"line":63,"column":5}},{"start":{},"end":{}}],"line":60},"5":{"loc":{"start":{"line":67,"column":4},"end":{"line":70,"column":5}},"type":"if","locations":[{"start":{"line":67,"column":4},"end":{"line":70,"column":5}},{"start":{},"end":{}}],"line":67},"6":{"loc":{"start":{"line":80,"column":20},"end":{"line":80,"column":166}},"type":"cond-expr","locations":[{"start":{"line":80,"column":38},"end":{"line":80,"column":61}},{"start":{"line":80,"column":64},"end":{"line":80,"column":166}}],"line":80},"7":{"loc":{"start":{"line":80,"column":64},"end":{"line":80,"column":166}},"type":"cond-expr","locations":[{"start":{"line":80,"column":86},"end":{"line":80,"column":113}},{"start":{"line":80,"column":116},"end":{"line":80,"column":166}}],"line":80},"8":{"loc":{"start":{"line":94,"column":2},"end":{"line":97,"column":3}},"type":"if","locations":[{"start":{"line":94,"column":2},"end":{"line":97,"column":3}},{"start":{},"end":{}}],"line":94},"9":{"loc":{"start":{"line":108,"column":0},"end":{"line":118,"column":1}},"type":"if","locations":[{"start":{"line":108,"column":0},"end":{"line":118,"column":1}},{"start":{"line":116,"column":7},"end":{"line":118,"column":1}}],"line":108},"10":{"loc":{"start":{"line":111,"column":2},"end":{"line":114,"column":3}},"type":"if","locations":[{"start":{"line":111,"column":2},"end":{"line":114,"column":3}},{"start":{},"end":{}}],"line":111},"11":{"loc":{"start":{"line":111,"column":6},"end":{"line":111,"column":99}},"type":"binary-expr","locations":[{"start":{"line":111,"column":6},"end":{"line":111,"column":18}},{"start":{"line":111,"column":22},"end":{"line":111,"column":40}},{"start":{"line":111,"column":44},"end":{"line":111,"column":99}}],"line":111}},"s":{"0":1,"1":1,"2":1,"3":1,"4":1,"5":1,"6":3,"7":3,"8":3,"9":3,"10":3,"11":3,"12":1,"13":1,"14":1,"15":1,"16":1,"17":1,"18":0,"19":0,"20":1,"21":1,"22":1,"23":1,"24":1,"25":1,"26":1,"27":0,"28":0,"29":1,"30":1,"31":1,"32":1,"33":1,"34":1,"35":1,"36":0,"37":0,"38":1,"39":1,"40":1,"41":0,"42":0,"43":1,"44":1,"45":1,"46":0,"47":0,"48":1,"49":0,"50":0,"51":3,"52":3,"53":3,"54":6,"55":6,"56":6,"57":6,"58":6,"59":0,"60":3,"61":3,"62":3,"63":0,"64":0,"65":3,"66":3,"67":3,"68":1,"69":0,"70":0,"71":0,"72":0,"73":0,"74":0,"75":1},"f":{"0":3},"b":{"0":[1,1,1,0],"1":[0,1],"2":[0,1],"3":[0,1],"4":[0,1],"5":[0,1],"6":[2,4],"7":[2,2],"8":[0,3],"9":[0,1],"10":[0,0],"11":[0,0,0]},"_coverageSchema":"1a1c01bbd47fc00a2c39e90264f33305004495a9","hash":"5541ad0c111921385d23d331ea410364fd5cd52a"}
,"C:\\Users\\Wei Yi\\node\\form-filler\\accountType\\generateCustomer.js": {"path":"C:\\Users\\Wei Yi\\node\\form-filler\\accountType\\generateCustomer.js","statementMap":{"0":{"start":{"line":1,"column":14},"end":{"line":1,"column":30}},"1":{"start":{"line":2,"column":18},"end":{"line":2,"column":54}},"2":{"start":{"line":5,"column":24},"end":{"line":16,"column":1}},"3":{"start":{"line":8,"column":23},"end":{"line":8,"column":59}},"4":{"start":{"line":9,"column":27},"end":{"line":9,"column":72}},"5":{"start":{"line":10,"column":6},"end":{"line":13,"column":8}},"6":{"start":{"line":20,"column":15},"end":{"line":20,"column":76}},"7":{"start":{"line":21,"column":16},"end":{"line":21,"column":81}},"8":{"start":{"line":22,"column":14},"end":{"line":22,"column":79}},"9":{"start":{"line":23,"column":25},"end":{"line":23,"column":92}},"10":{"start":{"line":24,"column":2},"end":{"line":24,"column":50}},"11":{"start":{"line":29,"column":20},"end":{"line":29,"column":44}},"12":{"start":{"line":30,"column":19},"end":{"line":30,"column":42}},"13":{"start":{"line":31,"column":23},"end":{"line":31,"column":64}},"14":{"start":{"line":32,"column":24},"end":{"line":32,"column":88}},"15":{"start":{"line":34,"column":2},"end":{"line":49,"column":4}},"16":{"start":{"line":54,"column":2},"end":{"line":60,"column":3}},"17":{"start":{"line":55,"column":21},"end":{"line":55,"column":49}},"18":{"start":{"line":56,"column":4},"end":{"line":56,"column":25}},"19":{"start":{"line":58,"column":4},"end":{"line":58,"column":53}},"20":{"start":{"line":59,"column":4},"end":{"line":59,"column":14}},"21":{"start":{"line":64,"column":2},"end":{"line":70,"column":3}},"22":{"start":{"line":65,"column":21},"end":{"line":65,"column":49}},"23":{"start":{"line":66,"column":4},"end":{"line":66,"column":25}},"24":{"start":{"line":68,"column":4},"end":{"line":68,"column":58}},"25":{"start":{"line":69,"column":4},"end":{"line":69,"column":14}},"26":{"start":{"line":74,"column":2},"end":{"line":80,"column":3}},"27":{"start":{"line":75,"column":21},"end":{"line":75,"column":49}},"28":{"start":{"line":76,"column":4},"end":{"line":76,"column":25}},"29":{"start":{"line":78,"column":4},"end":{"line":78,"column":51}},"30":{"start":{"line":79,"column":4},"end":{"line":79,"column":14}},"31":{"start":{"line":83,"column":0},"end":{"line":83,"column":93}}},"fnMap":{"0":{"name":"(anonymous_0)","decl":{"start":{"line":7,"column":17},"end":{"line":7,"column":18}},"loc":{"start":{"line":7,"column":23},"end":{"line":14,"column":5}},"line":7},"1":{"name":"generateICNumber","decl":{"start":{"line":19,"column":9},"end":{"line":19,"column":25}},"loc":{"start":{"line":19,"column":28},"end":{"line":25,"column":1}},"line":19},"2":{"name":"generateRandomCustomer","decl":{"start":{"line":28,"column":9},"end":{"line":28,"column":31}},"loc":{"start":{"line":28,"column":64},"end":{"line":50,"column":1}},"line":28},"3":{"name":"fetchStatuses","decl":{"start":{"line":53,"column":15},"end":{"line":53,"column":28}},"loc":{"start":{"line":53,"column":42},"end":{"line":61,"column":1}},"line":53},"4":{"name":"fetchIdentityTypes","decl":{"start":{"line":63,"column":15},"end":{"line":63,"column":33}},"loc":{"start":{"line":63,"column":47},"end":{"line":71,"column":1}},"line":63},"5":{"name":"fetchGenders","decl":{"start":{"line":73,"column":15},"end":{"line":73,"column":27}},"loc":{"start":{"line":73,"column":41},"end":{"line":81,"column":1}},"line":73}},"branchMap":{"0":{"loc":{"start":{"line":32,"column":24},"end":{"line":32,"column":88}},"type":"cond-expr","locations":[{"start":{"line":32,"column":48},"end":{"line":32,"column":66}},{"start":{"line":32,"column":69},"end":{"line":32,"column":88}}],"line":32}},"s":{"0":2,"1":2,"2":2,"3":1,"4":1,"5":1,"6":0,"7":0,"8":0,"9":0,"10":0,"11":1,"12":1,"13":1,"14":1,"15":1,"16":1,"17":1,"18":1,"19":0,"20":0,"21":1,"22":1,"23":1,"24":0,"25":0,"26":1,"27":1,"28":1,"29":0,"30":0,"31":2},"f":{"0":1,"1":0,"2":1,"3":1,"4":1,"5":1},"b":{"0":[0,1]},"_coverageSchema":"1a1c01bbd47fc00a2c39e90264f33305004495a9","hash":"863bf1f5b272da5d1e557afad98bbc6b19830960"}
,"C:\\Users\\Wei Yi\\node\\form-filler\\accountType\\generateEmployee.js": {"path":"C:\\Users\\Wei Yi\\node\\form-filler\\accountType\\generateEmployee.js","statementMap":{"0":{"start":{"line":1,"column":14},"end":{"line":1,"column":30}},"1":{"start":{"line":2,"column":18},"end":{"line":2,"column":54}},"2":{"start":{"line":4,"column":24},"end":{"line":15,"column":1}},"3":{"start":{"line":7,"column":23},"end":{"line":7,"column":59}},"4":{"start":{"line":8,"column":27},"end":{"line":8,"column":72}},"5":{"start":{"line":9,"column":6},"end":{"line":12,"column":8}},"6":{"start":{"line":18,"column":2},"end":{"line":24,"column":3}},"7":{"start":{"line":19,"column":21},"end":{"line":19,"column":49}},"8":{"start":{"line":20,"column":4},"end":{"line":20,"column":25}},"9":{"start":{"line":22,"column":4},"end":{"line":22,"column":54}},"10":{"start":{"line":23,"column":4},"end":{"line":23,"column":14}},"11":{"start":{"line":28,"column":20},"end":{"line":28,"column":44}},"12":{"start":{"line":29,"column":19},"end":{"line":29,"column":42}},"13":{"start":{"line":31,"column":2},"end":{"line":37,"column":4}},"14":{"start":{"line":40,"column":0},"end":{"line":40,"column":60}}},"fnMap":{"0":{"name":"(anonymous_0)","decl":{"start":{"line":6,"column":17},"end":{"line":6,"column":18}},"loc":{"start":{"line":6,"column":23},"end":{"line":13,"column":5}},"line":6},"1":{"name":"fetchPositions","decl":{"start":{"line":17,"column":15},"end":{"line":17,"column":29}},"loc":{"start":{"line":17,"column":43},"end":{"line":25,"column":1}},"line":17},"2":{"name":"generateRandomEmployee","decl":{"start":{"line":27,"column":9},"end":{"line":27,"column":31}},"loc":{"start":{"line":27,"column":43},"end":{"line":38,"column":1}},"line":27}},"branchMap":{},"s":{"0":2,"1":2,"2":2,"3":1,"4":1,"5":1,"6":1,"7":1,"8":1,"9":0,"10":0,"11":1,"12":1,"13":1,"14":2},"f":{"0":1,"1":1,"2":1},"b":{},"_coverageSchema":"1a1c01bbd47fc00a2c39e90264f33305004495a9","hash":"b1cf43d897170729afcebf6bffac08eea845fed4"}
,"C:\\Users\\Wei Yi\\node\\form-filler\\accountType\\generateUser.js": {"path":"C:\\Users\\Wei Yi\\node\\form-filler\\accountType\\generateUser.js","statementMap":{"0":{"start":{"line":1,"column":14},"end":{"line":1,"column":30}},"1":{"start":{"line":2,"column":18},"end":{"line":2,"column":54}},"2":{"start":{"line":4,"column":24},"end":{"line":15,"column":1}},"3":{"start":{"line":7,"column":23},"end":{"line":7,"column":59}},"4":{"start":{"line":8,"column":27},"end":{"line":8,"column":72}},"5":{"start":{"line":9,"column":6},"end":{"line":12,"column":8}},"6":{"start":{"line":18,"column":2},"end":{"line":24,"column":3}},"7":{"start":{"line":19,"column":21},"end":{"line":19,"column":49}},"8":{"start":{"line":20,"column":4},"end":{"line":20,"column":25}},"9":{"start":{"line":22,"column":4},"end":{"line":22,"column":50}},"10":{"start":{"line":23,"column":4},"end":{"line":23,"column":14}},"11":{"start":{"line":28,"column":20},"end":{"line":28,"column":44}},"12":{"start":{"line":29,"column":19},"end":{"line":29,"column":42}},"13":{"start":{"line":30,"column":19},"end":{"line":30,"column":44}},"14":{"start":{"line":33,"column":24},"end":{"line":33,"column":68}},"15":{"start":{"line":36,"column":24},"end":{"line":36,"column":26}},"16":{"start":{"line":37,"column":2},"end":{"line":42,"column":3}},"17":{"start":{"line":38,"column":17},"end":{"line":38,"column":50}},"18":{"start":{"line":39,"column":4},"end":{"line":41,"column":5}},"19":{"start":{"line":40,"column":6},"end":{"line":40,"column":31}},"20":{"start":{"line":44,"column":2},"end":{"line":54,"column":4}},"21":{"start":{"line":57,"column":0},"end":{"line":57,"column":52}}},"fnMap":{"0":{"name":"(anonymous_0)","decl":{"start":{"line":6,"column":17},"end":{"line":6,"column":18}},"loc":{"start":{"line":6,"column":23},"end":{"line":13,"column":5}},"line":6},"1":{"name":"fetchRoles","decl":{"start":{"line":17,"column":15},"end":{"line":17,"column":25}},"loc":{"start":{"line":17,"column":39},"end":{"line":25,"column":1}},"line":17},"2":{"name":"generateRandomUser","decl":{"start":{"line":27,"column":9},"end":{"line":27,"column":27}},"loc":{"start":{"line":27,"column":35},"end":{"line":55,"column":1}},"line":27}},"branchMap":{"0":{"loc":{"start":{"line":39,"column":4},"end":{"line":41,"column":5}},"type":"if","locations":[{"start":{"line":39,"column":4},"end":{"line":41,"column":5}},{"start":{},"end":{}}],"line":39}},"s":{"0":2,"1":2,"2":2,"3":1,"4":1,"5":1,"6":1,"7":1,"8":1,"9":0,"10":0,"11":1,"12":1,"13":1,"14":1,"15":1,"16":1,"17":4,"18":4,"19":2,"20":1,"21":2},"f":{"0":1,"1":1,"2":1},"b":{"0":[2,2]},"_coverageSchema":"1a1c01bbd47fc00a2c39e90264f33305004495a9","hash":"92f9deefb5c22fad79931f998d10d9137e95df5d"}
}
