TN:
SF:generateAccount.js
FN:9,generateAccounts
FNF:1
FNH:1
FNDA:3,generateAccounts
DA:1,1
DA:2,1
DA:3,1
DA:4,1
DA:5,1
DA:6,1
DA:13,3
DA:14,3
DA:15,3
DA:16,3
DA:17,3
DA:19,3
DA:21,1
DA:22,1
DA:23,1
DA:25,1
DA:26,1
DA:27,1
DA:28,0
DA:29,0
DA:32,1
DA:34,1
DA:35,1
DA:37,1
DA:38,1
DA:39,1
DA:40,1
DA:41,0
DA:42,0
DA:45,1
DA:47,1
DA:48,1
DA:50,1
DA:51,1
DA:52,1
DA:53,1
DA:54,0
DA:55,0
DA:58,1
DA:59,1
DA:60,1
DA:61,0
DA:62,0
DA:65,1
DA:66,1
DA:67,1
DA:68,0
DA:69,0
DA:71,1
DA:74,0
DA:75,0
DA:78,3
DA:79,3
DA:80,6
DA:81,6
DA:82,6
DA:83,6
DA:84,6
DA:86,0
DA:90,3
DA:93,3
DA:94,3
DA:95,0
DA:96,0
DA:100,3
DA:103,3
DA:104,3
DA:108,1
DA:109,0
DA:110,0
DA:111,0
DA:112,0
DA:113,0
DA:115,0
DA:117,1
LF:75
LH:54
BRDA:19,0,0,1
BRDA:19,0,1,1
BRDA:19,0,2,1
BRDA:19,0,3,0
BRDA:27,1,0,0
BRDA:27,1,1,1
BRDA:40,2,0,0
BRDA:40,2,1,1
BRDA:53,3,0,0
BRDA:53,3,1,1
BRDA:60,4,0,0
BRDA:60,4,1,1
BRDA:67,5,0,0
BRDA:67,5,1,1
BRDA:80,6,0,2
BRDA:80,6,1,4
BRDA:80,7,0,2
BRDA:80,7,1,2
BRDA:94,8,0,0
BRDA:94,8,1,3
BRDA:108,9,0,0
BRDA:108,9,1,1
BRDA:111,10,0,0
BRDA:111,10,1,0
BRDA:111,11,0,0
BRDA:111,11,1,0
BRDA:111,11,2,0
BRF:27
BRH:14
end_of_record
TN:
SF:accountType\generateCustomer.js
FN:7,(anonymous_0)
FN:19,generateICNumber
FN:28,generateRandomCustomer
FN:53,fetchStatuses
FN:63,fetchIdentityTypes
FN:73,fetchGenders
FNF:6
FNH:5
FNDA:1,(anonymous_0)
FNDA:0,generateICNumber
FNDA:1,generateRandomCustomer
FNDA:1,fetchStatuses
FNDA:1,fetchIdentityTypes
FNDA:1,fetchGenders
DA:1,2
DA:2,2
DA:5,2
DA:8,1
DA:9,1
DA:10,1
DA:20,0
DA:21,0
DA:22,0
DA:23,0
DA:24,0
DA:29,1
DA:30,1
DA:31,1
DA:32,1
DA:34,1
DA:54,1
DA:55,1
DA:56,1
DA:58,0
DA:59,0
DA:64,1
DA:65,1
DA:66,1
DA:68,0
DA:69,0
DA:74,1
DA:75,1
DA:76,1
DA:78,0
DA:79,0
DA:83,2
LF:32
LH:21
BRDA:32,0,0,0
BRDA:32,0,1,1
BRF:2
BRH:1
end_of_record
TN:
SF:accountType\generateEmployee.js
FN:6,(anonymous_0)
FN:17,fetchPositions
FN:27,generateRandomEmployee
FNF:3
FNH:3
FNDA:1,(anonymous_0)
FNDA:1,fetchPositions
FNDA:1,generateRandomEmployee
DA:1,2
DA:2,2
DA:4,2
DA:7,1
DA:8,1
DA:9,1
DA:18,1
DA:19,1
DA:20,1
DA:22,0
DA:23,0
DA:28,1
DA:29,1
DA:31,1
DA:40,2
LF:15
LH:13
BRF:0
BRH:0
end_of_record
TN:
SF:accountType\generateUser.js
FN:6,(anonymous_0)
FN:17,fetchRoles
FN:27,generateRandomUser
FNF:3
FNH:3
FNDA:1,(anonymous_0)
FNDA:1,fetchRoles
FNDA:1,generateRandomUser
DA:1,2
DA:2,2
DA:4,2
DA:7,1
DA:8,1
DA:9,1
DA:18,1
DA:19,1
DA:20,1
DA:22,0
DA:23,0
DA:28,1
DA:29,1
DA:30,1
DA:33,1
DA:36,1
DA:37,1
DA:38,4
DA:39,4
DA:40,2
DA:44,1
DA:57,2
LF:22
LH:20
BRDA:39,0,0,2
BRDA:39,0,1,2
BRF:2
BRH:2
end_of_record
